  [1m[35m (120.5ms)[0m  [1m[35mCREATE TABLE "schema_migrations" ("version" character varying PRIMARY KEY)[0m
  [1m[35m (107.9ms)[0m  [1m[35mCREATE TABLE "ar_internal_metadata" ("key" character varying PRIMARY KEY, "value" character varying, "created_at" timestamp NOT NULL, "updated_at" timestamp NOT NULL)[0m
  [1m[35m (0.2ms)[0m  [1m[34mSELECT pg_try_advisory_lock(4969808956775566785);[0m
  [1m[36mActiveRecord::SchemaMigration Load (0.3ms)[0m  [1m[34mSELECT "schema_migrations".* FROM "schema_migrations"[0m
  [1m[36mActiveRecord::InternalMetadata Load (0.3ms)[0m  [1m[34mSELECT  "ar_internal_metadata".* FROM "ar_internal_metadata" WHERE "ar_internal_metadata"."key" = $1 LIMIT $2[0m  [["key", :environment], ["LIMIT", 1]]
  [1m[35m (0.1ms)[0m  [1m[35mBEGIN[0m
  [1m[35mSQL (0.2ms)[0m  [1m[32mINSERT INTO "ar_internal_metadata" ("key", "value", "created_at", "updated_at") VALUES ($1, $2, $3, $4) RETURNING "key"[0m  [["key", "environment"], ["value", "development"], ["created_at", 2017-02-22 07:10:39 UTC], ["updated_at", 2017-02-22 07:10:39 UTC]]
  [1m[35m (22.6ms)[0m  [1m[35mCOMMIT[0m
  [1m[35m (0.2ms)[0m  [1m[34mSELECT pg_advisory_unlock(4969808956775566785)[0m
  [1m[36mActiveRecord::SchemaMigration Load (0.1ms)[0m  [1m[34mSELECT "schema_migrations".* FROM "schema_migrations"[0m
  [1m[35m (0.1ms)[0m  [1m[34mSELECT pg_try_advisory_lock(4969808956775566785);[0m
  [1m[36mActiveRecord::SchemaMigration Load (0.2ms)[0m  [1m[34mSELECT "schema_migrations".* FROM "schema_migrations"[0m
Migrating to CreateUsers (20170222071700)
  [1m[35m (0.1ms)[0m  [1m[35mBEGIN[0m
  [1m[35m (93.9ms)[0m  [1m[35mCREATE TABLE "users" ("id" serial primary key, "first_name" character varying NOT NULL, "last_name" character varying NOT NULL, "email" character varying NOT NULL, "email_notifications_opt" character varying, "cell_phone" character varying, "sms_notifications_opt" character varying, "password" character varying, "password_confirmation" character varying, "enabled" boolean, "created_at" timestamp NOT NULL, "updated_at" timestamp NOT NULL)[0m
  [1m[35mSQL (0.3ms)[0m  [1m[32mINSERT INTO "schema_migrations" ("version") VALUES ($1) RETURNING "version"[0m  [["version", "20170222071700"]]
  [1m[35m (11.2ms)[0m  [1m[35mCOMMIT[0m
  [1m[36mActiveRecord::InternalMetadata Load (0.3ms)[0m  [1m[34mSELECT  "ar_internal_metadata".* FROM "ar_internal_metadata" WHERE "ar_internal_metadata"."key" = $1 LIMIT $2[0m  [["key", :environment], ["LIMIT", 1]]
  [1m[35m (0.1ms)[0m  [1m[35mBEGIN[0m
  [1m[35m (0.1ms)[0m  [1m[35mCOMMIT[0m
  [1m[35m (0.2ms)[0m  [1m[34mSELECT pg_advisory_unlock(4969808956775566785)[0m
  [1m[36mActiveRecord::SchemaMigration Load (0.2ms)[0m  [1m[34mSELECT "schema_migrations".* FROM "schema_migrations"[0m
Started POST "/users/?user[first_name]=dfhdasfhg" for 127.0.0.1 at 2017-02-22 12:58:29 +0530
  [1m[36mActiveRecord::SchemaMigration Load (0.3ms)[0m  [1m[34mSELECT "schema_migrations".* FROM "schema_migrations"[0m
Processing by UsersController#create as */*
  Parameters: {"user"=>{"first_name"=>"dfhdasfhg"}}
  [1m[35m (0.2ms)[0m  [1m[35mBEGIN[0m
  [1m[35mSQL (0.6ms)[0m  [1m[32mINSERT INTO "users" ("first_name", "created_at", "updated_at") VALUES ($1, $2, $3) RETURNING "id"[0m  [["first_name", "dfhdasfhg"], ["created_at", 2017-02-22 07:28:39 UTC], ["updated_at", 2017-02-22 07:28:39 UTC]]
  [1m[35m (0.2ms)[0m  [1m[31mROLLBACK[0m
Completed 500 Internal Server Error in 10433ms (ActiveRecord: 6.4ms)


  
ActiveRecord::StatementInvalid (PG::NotNullViolation: ERROR:  null value in column "last_name" violates not-null constraint
DETAIL:  Failing row contains (1, dfhdasfhg, null, null, null, null, null, null, null, null, 2017-02-22 07:28:39.763659, 2017-02-22 07:28:39.763659).
: INSERT INTO "users" ("first_name", "created_at", "updated_at") VALUES ($1, $2, $3) RETURNING "id"):
  
app/controllers/users_controller.rb:21:in `create'
Started POST "/users/?user[first_name]=dfhdasfhg" for 127.0.0.1 at 2017-02-22 13:01:20 +0530
Processing by UsersController#create as */*
  Parameters: {"user"=>{"first_name"=>"dfhdasfhg"}}
  [1m[35m (0.7ms)[0m  [1m[35mBEGIN[0m
  [1m[36mUser Exists (0.3ms)[0m  [1m[34mSELECT  1 AS one FROM "users" WHERE "users"."email" IS NULL LIMIT $1[0m  [["LIMIT", 1]]
  [1m[35m (0.2ms)[0m  [1m[31mROLLBACK[0m
Completed 422 Unprocessable Entity in 3559ms (Views: 0.2ms | ActiveRecord: 1.2ms)


Started POST "/users/?user[first_name]=test_first&user[last_name]=test_last&user[email]=test@test.com&user[email_notifications_opt]=1234546&user[cell_phone]=12345678&user[sms_notifications_opt]=12345678&user[password]=[FILTERED]&user[password_confirmation]=[FILTERED]&user[enabled]=true" for 127.0.0.1 at 2017-02-22 13:04:10 +0530
Processing by UsersController#create as */*
  Parameters: {"user"=>{"first_name"=>"test_first", "last_name"=>"test_last", "email"=>"test@test.com", "email_notifications_opt"=>"1234546", "cell_phone"=>"12345678", "sms_notifications_opt"=>"12345678", "password"=>"[FILTERED]", "password_confirmation"=>"[FILTERED]", "enabled"=>"true"}}
  [1m[35m (0.2ms)[0m  [1m[35mBEGIN[0m
  [1m[36mUser Exists (0.5ms)[0m  [1m[34mSELECT  1 AS one FROM "users" WHERE "users"."email" = $1 LIMIT $2[0m  [["email", "test@test.com"], ["LIMIT", 1]]
  [1m[35mSQL (0.3ms)[0m  [1m[32mINSERT INTO "users" ("first_name", "last_name", "email", "email_notifications_opt", "cell_phone", "sms_notifications_opt", "password", "password_confirmation", "enabled", "created_at", "updated_at") VALUES ($1, $2, $3, $4, $5, $6, $7, $8, $9, $10, $11) RETURNING "id"[0m  [["first_name", "test_first"], ["last_name", "test_last"], ["email", "test@test.com"], ["email_notifications_opt", "1234546"], ["cell_phone", "12345678"], ["sms_notifications_opt", "12345678"], ["password", "12345678"], ["password_confirmation", "12345678"], ["enabled", true], ["created_at", 2017-02-22 07:34:13 UTC], ["updated_at", 2017-02-22 07:34:13 UTC]]
  [1m[35m (21.5ms)[0m  [1m[35mCOMMIT[0m
Completed 201 Created in 2940ms (Views: 1.0ms | ActiveRecord: 22.4ms)


Started GET "/users/2" for 127.0.0.1 at 2017-02-22 13:05:12 +0530
Processing by UsersController#show as */*
  Parameters: {"id"=>"2"}
  [1m[36mUser Load (0.2ms)[0m  [1m[34mSELECT  "users".* FROM "users" WHERE "users"."id" = $1 LIMIT $2[0m  [["id", 2], ["LIMIT", 1]]
Completed 200 OK in 17ms (Views: 0.6ms | ActiveRecord: 0.3ms)


Started GET "/users/2" for 127.0.0.1 at 2017-02-22 13:05:35 +0530
Processing by UsersController#show as */*
  Parameters: {"id"=>"2"}
  [1m[36mUser Load (0.2ms)[0m  [1m[34mSELECT  "users".* FROM "users" WHERE "users"."id" = $1 LIMIT $2[0m  [["id", 2], ["LIMIT", 1]]
Completed 200 OK in 2ms (Views: 0.6ms | ActiveRecord: 0.3ms)


Started GET "/users/2" for 127.0.0.1 at 2017-02-22 13:08:06 +0530
Processing by UsersController#show as */*
  Parameters: {"id"=>"2"}
  [1m[36mUser Load (0.2ms)[0m  [1m[34mSELECT  "users".* FROM "users" WHERE "users"."id" = $1 LIMIT $2[0m  [["id", 2], ["LIMIT", 1]]
Completed 200 OK in 2ms (Views: 0.6ms | ActiveRecord: 0.2ms)


Started GET "/users/2" for 127.0.0.1 at 2017-02-22 13:08:48 +0530
Processing by UsersController#show as */*
  Parameters: {"id"=>"2"}
  [1m[36mUser Load (0.3ms)[0m  [1m[34mSELECT  "users".* FROM "users" WHERE "users"."id" = $1 LIMIT $2[0m  [["id", 2], ["LIMIT", 1]]
Completed 200 OK in 2ms (Views: 0.8ms | ActiveRecord: 0.3ms)


Started PATCH "/users/2?user[first_name]=test_first1&user[last_name]=test_last1&user[email]=test@test.com&user[email_notifications_opt]=123454678&user[cell_phone]=123456789&user[sms_notifications_opt]=123456789&user[password]=[FILTERED]&user[password_confirmation]=[FILTERED]&user[enabled]=true" for 127.0.0.1 at 2017-02-22 13:09:54 +0530
Processing by UsersController#update as */*
  Parameters: {"user"=>{"first_name"=>"test_first1", "last_name"=>"test_last1", "email"=>"test@test.com", "email_notifications_opt"=>"123454678", "cell_phone"=>"123456789", "sms_notifications_opt"=>"123456789", "password"=>"[FILTERED]", "password_confirmation"=>"[FILTERED]", "enabled"=>"true"}, "id"=>"2"}
  [1m[36mUser Load (0.2ms)[0m  [1m[34mSELECT  "users".* FROM "users" WHERE "users"."id" = $1 LIMIT $2[0m  [["id", 2], ["LIMIT", 1]]
  [1m[35m (0.1ms)[0m  [1m[35mBEGIN[0m
  [1m[36mUser Exists (0.5ms)[0m  [1m[34mSELECT  1 AS one FROM "users" WHERE "users"."email" = $1 AND ("users"."id" != $2) LIMIT $3[0m  [["email", "test@test.com"], ["id", 2], ["LIMIT", 1]]
  [1m[35mSQL (0.3ms)[0m  [1m[33mUPDATE "users" SET "first_name" = $1, "last_name" = $2, "email_notifications_opt" = $3, "cell_phone" = $4, "sms_notifications_opt" = $5, "password" = $6, "password_confirmation" = $7, "updated_at" = $8 WHERE "users"."id" = $9[0m  [["first_name", "test_first1"], ["last_name", "test_last1"], ["email_notifications_opt", "123454678"], ["cell_phone", "123456789"], ["sms_notifications_opt", "123456789"], ["password", "123456789"], ["password_confirmation", "123456789"], ["updated_at", 2017-02-22 07:39:54 UTC], ["id", 2]]
  [1m[35m (14.4ms)[0m  [1m[35mCOMMIT[0m
Completed 200 OK in 20ms (Views: 0.5ms | ActiveRecord: 15.4ms)


Started GET "/users/" for 127.0.0.1 at 2017-02-22 13:10:41 +0530
Processing by UsersController#index as */*
  [1m[36mUser Load (0.2ms)[0m  [1m[34mSELECT "users".* FROM "users"[0m
Completed 200 OK in 2ms (Views: 1.5ms | ActiveRecord: 0.2ms)


Started DELETE "/users/2" for 127.0.0.1 at 2017-02-22 13:11:56 +0530
Processing by UsersController#destroy as */*
  Parameters: {"id"=>"2"}
  [1m[36mUser Load (0.2ms)[0m  [1m[34mSELECT  "users".* FROM "users" WHERE "users"."id" = $1 LIMIT $2[0m  [["id", 2], ["LIMIT", 1]]
  [1m[35m (0.1ms)[0m  [1m[35mBEGIN[0m
  [1m[35mSQL (0.2ms)[0m  [1m[31mDELETE FROM "users" WHERE "users"."id" = $1[0m  [["id", 2]]
  [1m[35m (9.5ms)[0m  [1m[35mCOMMIT[0m
Completed 204 No Content in 11ms (ActiveRecord: 10.0ms)


Started POST "/users/2" for 127.0.0.1 at 2017-02-22 13:18:00 +0530
  [1m[36mActiveRecord::SchemaMigration Load (0.3ms)[0m  [1m[34mSELECT "schema_migrations".* FROM "schema_migrations"[0m
  
ActionController::RoutingError (No route matches [POST] "/users/2"):
  
actionpack (5.0.1) lib/action_dispatch/middleware/debug_exceptions.rb:53:in `call'
actionpack (5.0.1) lib/action_dispatch/middleware/show_exceptions.rb:31:in `call'
railties (5.0.1) lib/rails/rack/logger.rb:36:in `call_app'
railties (5.0.1) lib/rails/rack/logger.rb:24:in `block in call'
activesupport (5.0.1) lib/active_support/tagged_logging.rb:69:in `block in tagged'
activesupport (5.0.1) lib/active_support/tagged_logging.rb:26:in `tagged'
activesupport (5.0.1) lib/active_support/tagged_logging.rb:69:in `tagged'
railties (5.0.1) lib/rails/rack/logger.rb:24:in `call'
actionpack (5.0.1) lib/action_dispatch/middleware/request_id.rb:24:in `call'
rack (2.0.1) lib/rack/runtime.rb:22:in `call'
activesupport (5.0.1) lib/active_support/cache/strategy/local_cache_middleware.rb:28:in `call'
actionpack (5.0.1) lib/action_dispatch/middleware/executor.rb:12:in `call'
actionpack (5.0.1) lib/action_dispatch/middleware/static.rb:136:in `call'
rack (2.0.1) lib/rack/sendfile.rb:111:in `call'
railties (5.0.1) lib/rails/engine.rb:522:in `call'
puma (3.7.1) lib/puma/configuration.rb:232:in `call'
puma (3.7.1) lib/puma/server.rb:578:in `handle_request'
puma (3.7.1) lib/puma/server.rb:415:in `process_client'
puma (3.7.1) lib/puma/server.rb:275:in `block in run'
puma (3.7.1) lib/puma/thread_pool.rb:120:in `block in spawn_thread'
Started POST "/users?user[first_name]=test_first1&user[last_name]=test_last1&user[email]=test@test.com&user[email_notifications_opt]=123454678&user[cell_phone]=123456789&user[sms_notifications_opt]=123456789&user[password]=[FILTERED]&user[password_confirmation]=[FILTERED]&user[enabled]=true" for 127.0.0.1 at 2017-02-22 13:18:20 +0530
Processing by UsersController#create as */*
  Parameters: {"user"=>{"first_name"=>"test_first1", "last_name"=>"test_last1", "email"=>"test@test.com", "email_notifications_opt"=>"123454678", "cell_phone"=>"123456789", "sms_notifications_opt"=>"123456789", "password"=>"[FILTERED]", "password_confirmation"=>"[FILTERED]", "enabled"=>"true"}}
  [1m[35m (0.1ms)[0m  [1m[35mBEGIN[0m
  [1m[36mUser Exists (0.5ms)[0m  [1m[34mSELECT  1 AS one FROM "users" WHERE "users"."email" = $1 LIMIT $2[0m  [["email", "test@test.com"], ["LIMIT", 1]]
  [1m[35mSQL (0.2ms)[0m  [1m[32mINSERT INTO "users" ("first_name", "last_name", "email", "email_notifications_opt", "cell_phone", "sms_notifications_opt", "password", "password_confirmation", "enabled", "created_at", "updated_at") VALUES ($1, $2, $3, $4, $5, $6, $7, $8, $9, $10, $11) RETURNING "id"[0m  [["first_name", "test_first1"], ["last_name", "test_last1"], ["email", "test@test.com"], ["email_notifications_opt", "123454678"], ["cell_phone", "123456789"], ["sms_notifications_opt", "123456789"], ["password", "123456789"], ["password_confirmation", "123456789"], ["enabled", true], ["created_at", 2017-02-22 07:48:21 UTC], ["updated_at", 2017-02-22 07:48:21 UTC]]
  [1m[35m (38.1ms)[0m  [1m[35mCOMMIT[0m
Completed 201 Created in 61ms (Views: 1.0ms | ActiveRecord: 41.7ms)


Started POST "/users/?user[first_name]=test_first1&user[last_name]=test_last1&user[email]=test@test.com&user[email_notifications_opt]=123454678&user[cell_phone]=123456789&user[sms_notifications_opt]=123456789&user[password]=[FILTERED]&user[password_confirmation]=[FILTERED]&user[enabled]=true" for 127.0.0.1 at 2017-02-22 13:47:17 +0530
Processing by UsersController#create as */*
  Parameters: {"user"=>{"first_name"=>"test_first1", "last_name"=>"test_last1", "email"=>"test@test.com", "email_notifications_opt"=>"123454678", "cell_phone"=>"123456789", "sms_notifications_opt"=>"123456789", "password"=>"[FILTERED]", "password_confirmation"=>"[FILTERED]", "enabled"=>"true"}}
  [1m[35m (0.2ms)[0m  [1m[35mBEGIN[0m
  [1m[36mUser Exists (0.5ms)[0m  [1m[34mSELECT  1 AS one FROM "users" WHERE "users"."email" = $1 LIMIT $2[0m  [["email", "test@test.com"], ["LIMIT", 1]]
  [1m[35m (0.1ms)[0m  [1m[31mROLLBACK[0m
Completed 422 Unprocessable Entity in 19ms (Views: 0.2ms | ActiveRecord: 3.3ms)


Started POST "/users/?user[first_name]=test_first1&user[last_name]=test_last1&user[email]=test@test.com1&user[email_notifications_opt]=123454678&user[cell_phone]=123456789&user[sms_notifications_opt]=123456789&user[password]=[FILTERED]&user[password_confirmation]=[FILTERED]&user[enabled]=true" for 127.0.0.1 at 2017-02-22 13:47:36 +0530
Processing by UsersController#create as */*
  Parameters: {"user"=>{"first_name"=>"test_first1", "last_name"=>"test_last1", "email"=>"test@test.com1", "email_notifications_opt"=>"123454678", "cell_phone"=>"123456789", "sms_notifications_opt"=>"123456789", "password"=>"[FILTERED]", "password_confirmation"=>"[FILTERED]", "enabled"=>"true"}}
  [1m[35m (0.1ms)[0m  [1m[35mBEGIN[0m
  [1m[36mUser Exists (0.3ms)[0m  [1m[34mSELECT  1 AS one FROM "users" WHERE "users"."email" = $1 LIMIT $2[0m  [["email", "test@test.com1"], ["LIMIT", 1]]
  [1m[35mSQL (0.3ms)[0m  [1m[32mINSERT INTO "users" ("first_name", "last_name", "email", "email_notifications_opt", "cell_phone", "sms_notifications_opt", "password", "enabled", "created_at", "updated_at") VALUES ($1, $2, $3, $4, $5, $6, $7, $8, $9, $10) RETURNING "id"[0m  [["first_name", "test_first1"], ["last_name", "test_last1"], ["email", "test@test.com1"], ["email_notifications_opt", "123454678"], ["cell_phone", "123456789"], ["sms_notifications_opt", "123456789"], ["password", "123456789"], ["enabled", true], ["created_at", 2017-02-22 08:17:36 UTC], ["updated_at", 2017-02-22 08:17:36 UTC]]
  [1m[35m (38.8ms)[0m  [1m[35mCOMMIT[0m
Completed 201 Created in 44ms (Views: 0.6ms | ActiveRecord: 39.5ms)


  [1m[35m (0.1ms)[0m  [1m[34mSELECT pg_try_advisory_lock(4969808956775566785);[0m
  [1m[36mActiveRecord::SchemaMigration Load (0.3ms)[0m  [1m[34mSELECT "schema_migrations".* FROM "schema_migrations"[0m
Migrating to AddResetPasswordTokenToUsers (20170222090656)
  [1m[35m (0.1ms)[0m  [1m[35mBEGIN[0m
  [1m[35m (0.3ms)[0m  [1m[35mALTER TABLE "users" ADD "reset_password_token" character varying[0m
  [1m[35mSQL (0.2ms)[0m  [1m[32mINSERT INTO "schema_migrations" ("version") VALUES ($1) RETURNING "version"[0m  [["version", "20170222090656"]]
  [1m[35m (24.3ms)[0m  [1m[35mCOMMIT[0m
  [1m[36mActiveRecord::InternalMetadata Load (0.3ms)[0m  [1m[34mSELECT  "ar_internal_metadata".* FROM "ar_internal_metadata" WHERE "ar_internal_metadata"."key" = $1 LIMIT $2[0m  [["key", :environment], ["LIMIT", 1]]
  [1m[35m (0.1ms)[0m  [1m[35mBEGIN[0m
  [1m[35m (0.1ms)[0m  [1m[35mCOMMIT[0m
  [1m[35m (0.2ms)[0m  [1m[34mSELECT pg_advisory_unlock(4969808956775566785)[0m
  [1m[36mActiveRecord::SchemaMigration Load (0.1ms)[0m  [1m[34mSELECT "schema_migrations".* FROM "schema_migrations"[0m
  [1m[36mUser Load (0.2ms)[0m  [1m[34mSELECT  "users".* FROM "users" ORDER BY "users"."id" DESC LIMIT $1[0m  [["LIMIT", 1]]
  Rendering user_mailer/forgot_password.text.erb within layouts/mailer
  Rendered user_mailer/forgot_password.text.erb within layouts/mailer (11.4ms)
UserMailer#forgot_password: processed outbound mail in 156.5ms
Sent mail to test@test.com1 (13.1ms)
Date: Wed, 22 Feb 2017 14:46:51 +0530
From: notifications@example.com
To: test@test.com1
Message-ID: <58ad5703112fe_354312270e4216bf@rails-All-Series.mail>
Subject: Forgot Password
Mime-Version: 1.0
Content-Type: text/plain;
 charset=UTF-8
Content-Transfer-Encoding: 7bit

Your Forgot password OTP: 

  [1m[36mUser Load (0.4ms)[0m  [1m[34mSELECT  "users".* FROM "users" ORDER BY "users"."id" DESC LIMIT $1[0m  [["LIMIT", 1]]
  [1m[35m (0.1ms)[0m  [1m[35mBEGIN[0m
  [1m[36mUser Exists (1.4ms)[0m  [1m[34mSELECT  1 AS one FROM "users" WHERE "users"."email" = $1 AND ("users"."id" != $2) LIMIT $3[0m  [["email", "test@test.com1"], ["id", 4], ["LIMIT", 1]]
  [1m[35mSQL (0.5ms)[0m  [1m[33mUPDATE "users" SET "reset_password_token" = $1, "updated_at" = $2 WHERE "users"."id" = $3[0m  [["reset_password_token", "950458"], ["updated_at", 2017-02-22 09:17:23 UTC], ["id", 4]]
  [1m[35m (13.4ms)[0m  [1m[35mCOMMIT[0m
  Rendering user_mailer/forgot_password.text.erb within layouts/mailer
  Rendered user_mailer/forgot_password.text.erb within layouts/mailer (0.1ms)
UserMailer#forgot_password: processed outbound mail in 5.6ms
Sent mail to test@test.com1 (2.7ms)
Date: Wed, 22 Feb 2017 14:47:23 +0530
From: notifications@example.com
To: test@test.com1
Message-ID: <58ad572376b33_354312270e4217a2@rails-All-Series.mail>
Subject: Forgot Password
Mime-Version: 1.0
Content-Type: text/plain;
 charset=UTF-8
Content-Transfer-Encoding: 7bit

Your Forgot password OTP: 950458

  [1m[36mUser Load (0.2ms)[0m  [1m[34mSELECT  "users".* FROM "users" ORDER BY "users"."id" DESC LIMIT $1[0m  [["LIMIT", 1]]
  [1m[35m (0.1ms)[0m  [1m[35mBEGIN[0m
  [1m[36mUser Exists (0.2ms)[0m  [1m[34mSELECT  1 AS one FROM "users" WHERE "users"."email" = $1 AND ("users"."id" != $2) LIMIT $3[0m  [["email", "test@test.com1"], ["id", 4], ["LIMIT", 1]]
  [1m[35mSQL (0.3ms)[0m  [1m[33mUPDATE "users" SET "reset_password_token" = $1, "updated_at" = $2 WHERE "users"."id" = $3[0m  [["reset_password_token", "351190"], ["updated_at", 2017-02-22 09:17:33 UTC], ["id", 4]]
  [1m[35m (11.2ms)[0m  [1m[35mCOMMIT[0m
  Rendering user_mailer/forgot_password.text.erb within layouts/mailer
  Rendered user_mailer/forgot_password.text.erb within layouts/mailer (0.0ms)
UserMailer#forgot_password: processed outbound mail in 2.4ms
Sent mail to test@test.com1 (1.3ms)
Date: Wed, 22 Feb 2017 14:47:33 +0530
From: notifications@example.com
To: test@test.com1
Message-ID: <58ad572dbaece_354312270e4218dc@rails-All-Series.mail>
Subject: Forgot Password
Mime-Version: 1.0
Content-Type: text/plain;
 charset=UTF-8
Content-Transfer-Encoding: 7bit

Your Forgot password OTP: 351190

  [1m[36mUser Load (0.5ms)[0m  [1m[34mSELECT  "users".* FROM "users" ORDER BY "users"."id" DESC LIMIT $1[0m  [["LIMIT", 1]]
  [1m[35m (0.2ms)[0m  [1m[35mBEGIN[0m
  [1m[36mUser Exists (0.3ms)[0m  [1m[34mSELECT  1 AS one FROM "users" WHERE "users"."email" = $1 AND ("users"."id" != $2) LIMIT $3[0m  [["email", "test@test.com1"], ["id", 4], ["LIMIT", 1]]
  [1m[35mSQL (0.3ms)[0m  [1m[33mUPDATE "users" SET "reset_password_token" = $1, "updated_at" = $2 WHERE "users"."id" = $3[0m  [["reset_password_token", "533372"], ["updated_at", 2017-02-22 09:18:14 UTC], ["id", 4]]
  [1m[35m (18.3ms)[0m  [1m[35mCOMMIT[0m
  Rendering user_mailer/forgot_password.text.erb within layouts/mailer
  Rendered user_mailer/forgot_password.text.erb within layouts/mailer (0.3ms)
UserMailer#forgot_password: processed outbound mail in 4.1ms
Sent mail to test@test.com1 (1.8ms)
Date: Wed, 22 Feb 2017 14:48:14 +0530
From: notifications@example.com
To: test@test.com1
Message-ID: <58ad57562f525_354312270e421985@rails-All-Series.mail>
Subject: Forgot Password
Mime-Version: 1.0
Content-Type: text/plain;
 charset=UTF-8
Content-Transfer-Encoding: 7bit

Your OTP is: 533372

Started GET "/forgot_password?user[email]=test@test.com1" for 127.0.0.1 at 2017-02-22 14:56:00 +0530
  [1m[36mActiveRecord::SchemaMigration Load (0.3ms)[0m  [1m[34mSELECT "schema_migrations".* FROM "schema_migrations"[0m
Processing by UsersController#forgot_password as */*
  Parameters: {"user"=>{"email"=>"test@test.com1"}}
  [1m[36mUser Load (0.3ms)[0m  [1m[34mSELECT  "users".* FROM "users" WHERE "users"."email" IS NULL LIMIT $1[0m  [["LIMIT", 1]]
Completed 200 OK in 25187ms (Views: 0.1ms | ActiveRecord: 1.2ms)


Started GET "/forgot_password?user[email]=test@test.com1" for 127.0.0.1 at 2017-02-22 14:56:56 +0530
Processing by UsersController#forgot_password as */*
  Parameters: {"user"=>{"email"=>"test@test.com1"}}
  [1m[36mUser Load (0.4ms)[0m  [1m[34mSELECT  "users".* FROM "users" WHERE "users"."email" = $1 LIMIT $2[0m  [["email", "test@test.com1"], ["LIMIT", 1]]
  [1m[36mCACHE (0.0ms)[0m  [1m[34mSELECT  "users".* FROM "users" WHERE "users"."email" = $1 LIMIT $2[0m  [["email", "test@test.com1"], ["LIMIT", 1]]
Completed 500 Internal Server Error in 31711ms (ActiveRecord: 2.8ms)


  
NameError (undefined local variable or method `user' for #<UsersController:0x000000036b3c78>
Did you mean?  @user):
  
app/controllers/users_controller.rb:45:in `forgot_password'
Started GET "/forgot_password?user[email]=test@test.com1" for 127.0.0.1 at 2017-02-22 14:57:54 +0530
Processing by UsersController#forgot_password as */*
  Parameters: {"user"=>{"email"=>"test@test.com1"}}
  [1m[36mUser Load (0.2ms)[0m  [1m[34mSELECT  "users".* FROM "users" WHERE "users"."email" = $1 LIMIT $2[0m  [["email", "test@test.com1"], ["LIMIT", 1]]
  [1m[35m (0.1ms)[0m  [1m[35mBEGIN[0m
  [1m[36mUser Exists (0.4ms)[0m  [1m[34mSELECT  1 AS one FROM "users" WHERE "users"."email" = $1 AND ("users"."id" != $2) LIMIT $3[0m  [["email", "test@test.com1"], ["id", 4], ["LIMIT", 1]]
  [1m[35mSQL (0.2ms)[0m  [1m[33mUPDATE "users" SET "reset_password_token" = $1, "updated_at" = $2 WHERE "users"."id" = $3[0m  [["reset_password_token", "755981"], ["updated_at", 2017-02-22 09:27:54 UTC], ["id", 4]]
  [1m[35m (30.4ms)[0m  [1m[35mCOMMIT[0m
  Rendering user_mailer/forgot_password.text.erb within layouts/mailer
  Rendered user_mailer/forgot_password.text.erb within layouts/mailer (1.2ms)
UserMailer#forgot_password: processed outbound mail in 115.8ms
Sent mail to test@test.com1 (3.7ms)
Date: Wed, 22 Feb 2017 14:57:54 +0530
From: notifications@example.com
To: test@test.com1
Message-ID: <58ad599a83079_414d1964bb856b0@rails-All-Series.mail>
Subject: Forgot Password
Mime-Version: 1.0
Content-Type: text/plain;
 charset=UTF-8
Content-Transfer-Encoding: 7bit

Your OTP is: 755981

Completed 200 OK in 358ms (Views: 0.1ms | ActiveRecord: 31.3ms)


Started GET "/forgot_password?user[email]=test@test.com1" for 127.0.0.1 at 2017-02-22 14:58:34 +0530
  
SyntaxError (/home/rails/rails_work/ruby_api/app/controllers/users_controller.rb:45: syntax error, unexpected '}', expecting =>
/home/rails/rails_work/ruby_api/app/controllers/users_controller.rb:47: syntax error, unexpected '}', expecting =>
/home/rails/rails_work/ruby_api/app/controllers/users_controller.rb:61: syntax error, unexpected end-of-input, expecting keyword_end):
  
app/controllers/users_controller.rb:45: syntax error, unexpected '}', expecting =>
app/controllers/users_controller.rb:47: syntax error, unexpected '}', expecting =>
app/controllers/users_controller.rb:61: syntax error, unexpected end-of-input, expecting keyword_end
Started GET "/forgot_password?user[email]=test@test.com1" for 127.0.0.1 at 2017-02-22 14:59:49 +0530
Processing by UsersController#forgot_password as */*
  Parameters: {"user"=>{"email"=>"test@test.com1"}}
  [1m[36mUser Load (0.3ms)[0m  [1m[34mSELECT  "users".* FROM "users" WHERE "users"."email" = $1 LIMIT $2[0m  [["email", "test@test.com1"], ["LIMIT", 1]]
  [1m[35m (0.1ms)[0m  [1m[35mBEGIN[0m
  [1m[36mUser Exists (0.3ms)[0m  [1m[34mSELECT  1 AS one FROM "users" WHERE "users"."email" = $1 AND ("users"."id" != $2) LIMIT $3[0m  [["email", "test@test.com1"], ["id", 4], ["LIMIT", 1]]
  [1m[35mSQL (0.2ms)[0m  [1m[33mUPDATE "users" SET "reset_password_token" = $1, "updated_at" = $2 WHERE "users"."id" = $3[0m  [["reset_password_token", "771268"], ["updated_at", 2017-02-22 09:29:49 UTC], ["id", 4]]
  [1m[35m (33.2ms)[0m  [1m[35mCOMMIT[0m
  Rendering user_mailer/forgot_password.text.erb within layouts/mailer
  Rendered user_mailer/forgot_password.text.erb within layouts/mailer (0.4ms)
UserMailer#forgot_password: processed outbound mail in 4.2ms
Sent mail to test@test.com1 (1.9ms)
Date: Wed, 22 Feb 2017 14:59:49 +0530
From: notifications@example.com
To: test@test.com1
Message-ID: <58ad5a0d261d2_414d1964cd057d4@rails-All-Series.mail>
Subject: Forgot Password
Mime-Version: 1.0
Content-Type: text/plain;
 charset=UTF-8
Content-Transfer-Encoding: 7bit

Your OTP is: 771268

Completed 200 OK in 55ms (Views: 0.2ms | ActiveRecord: 34.1ms)


Started GET "/forgot_password?user[email]=test@test.com1644qe" for 127.0.0.1 at 2017-02-22 14:59:55 +0530
Processing by UsersController#forgot_password as */*
  Parameters: {"user"=>{"email"=>"test@test.com1644qe"}}
  [1m[36mUser Load (0.6ms)[0m  [1m[34mSELECT  "users".* FROM "users" WHERE "users"."email" = $1 LIMIT $2[0m  [["email", "test@test.com1644qe"], ["LIMIT", 1]]
Completed 200 OK in 2ms (Views: 0.2ms | ActiveRecord: 0.6ms)


  [1m[36mUser Load (0.2ms)[0m  [1m[34mSELECT  "users".* FROM "users" WHERE "users"."email" = $1 LIMIT $2[0m  [["email", "test@test.com1"], ["LIMIT", 1]]
  [1m[36mUser Load (0.5ms)[0m  [1m[34mSELECT  "users".* FROM "users" WHERE "users"."email" = $1 AND "users"."reset_password_token" = $2 LIMIT $3[0m  [["email", "test@test.com1"], ["reset_password_token", "771268"], ["LIMIT", 1]]
  [1m[36mUser Load (0.2ms)[0m  [1m[34mSELECT  "users".* FROM "users" WHERE "users"."email" = $1 AND "users"."reset_password_token" = $2 LIMIT $3[0m  [["email", "test@test.com1"], ["reset_password_token", "7712683"], ["LIMIT", 1]]
Started GET "/reset_password?user[email]=test@test.com1&user[old_password]=[FILTERED]&user[:password]=[FILTERED]&user[:password_confirmation]=[FILTERED]" for 127.0.0.1 at 2017-02-22 15:10:45 +0530
  [1m[36mActiveRecord::SchemaMigration Load (0.4ms)[0m  [1m[34mSELECT "schema_migrations".* FROM "schema_migrations"[0m
Processing by UsersController#reset_password as */*
  Parameters: {"user"=>{"email"=>"test@test.com1", "old_password"=>"[FILTERED]", ":password"=>"[FILTERED]", ":password_confirmation"=>"[FILTERED]"}}
Unpermitted parameters: :password, :password_confirmation
Unpermitted parameters: :password, :password_confirmation
Unpermitted parameters: :password, :password_confirmation
Unpermitted parameters: :password, :password_confirmation
Unpermitted parameters: :password, :password_confirmation
Unpermitted parameters: :password, :password_confirmation
Completed 500 Internal Server Error in 59029ms (ActiveRecord: 1.1ms)


  
ActiveRecord::StatementInvalid (PG::UndefinedColumn: ERROR:  column users.old_password does not exist
LINE 1: ...rs".* FROM "users" WHERE "users"."email" = $1 AND "users"."o...
                                                             ^
: SELECT  "users".* FROM "users" WHERE "users"."email" = $1 AND "users"."old_password" = $2 LIMIT $3):
  
app/controllers/users_controller.rb:53:in `reset_password'
Started GET "/reset_password?user[email]=test@test.com1&user[old_password]=[FILTERED]&user[password]=[FILTERED]&user[password_confirmation]=[FILTERED]" for 127.0.0.1 at 2017-02-22 15:12:17 +0530
  [1m[36mActiveRecord::SchemaMigration Load (0.3ms)[0m  [1m[34mSELECT "schema_migrations".* FROM "schema_migrations"[0m
Processing by UsersController#reset_password as */*
  Parameters: {"user"=>{"email"=>"test@test.com1", "old_password"=>"[FILTERED]", "password"=>"[FILTERED]", "password_confirmation"=>"[FILTERED]"}}
Completed 500 Internal Server Error in 73126ms (ActiveRecord: 1.1ms)


  
ActiveRecord::StatementInvalid (PG::UndefinedColumn: ERROR:  column users.old_password does not exist
LINE 1: ...rs".* FROM "users" WHERE "users"."email" = $1 AND "users"."o...
                                                             ^
: SELECT  "users".* FROM "users" WHERE "users"."email" = $1 AND "users"."old_password" = $2 LIMIT $3):
  
app/controllers/users_controller.rb:53:in `reset_password'
Started GET "/reset_password?user[email]=test@test.com1&user[old_password]=[FILTERED]&user[password]=[FILTERED]&user[password_confirmation]=[FILTERED]" for 127.0.0.1 at 2017-02-22 15:13:44 +0530
  [1m[36mActiveRecord::SchemaMigration Load (0.4ms)[0m  [1m[34mSELECT "schema_migrations".* FROM "schema_migrations"[0m
Processing by UsersController#reset_password as */*
  Parameters: {"user"=>{"email"=>"test@test.com1", "old_password"=>"[FILTERED]", "password"=>"[FILTERED]", "password_confirmation"=>"[FILTERED]"}}
  [1m[36mUser Load (0.5ms)[0m  [1m[34mSELECT  "users".* FROM "users" WHERE "users"."email" = $1 AND "users"."reset_password_token" = $2 LIMIT $3[0m  [["email", "test@test.com1"], ["reset_password_token", "771268"], ["LIMIT", 1]]
  [1m[36mUser Load (0.9ms)[0m  [1m[34mSELECT  "users".* FROM "users" WHERE "users"."email" = $1 AND "users"."reset_password_token" = $2 LIMIT $3[0m  [["email", "test@test.com1"], ["reset_password_token", "771268"], ["LIMIT", 1]]
  [1m[35m (0.2ms)[0m  [1m[35mBEGIN[0m
  [1m[36mUser Exists (0.3ms)[0m  [1m[34mSELECT  1 AS one FROM "users" WHERE "users"."email" = $1 AND ("users"."id" != $2) LIMIT $3[0m  [["email", "test@test.com1"], ["id", 4], ["LIMIT", 1]]
  [1m[35mSQL (0.3ms)[0m  [1m[33mUPDATE "users" SET "password" = $1, "updated_at" = $2 WHERE "users"."id" = $3[0m  [["password", "12345678"], ["updated_at", 2017-02-22 09:44:12 UTC], ["id", 4]]
  [1m[35m (12.2ms)[0m  [1m[35mCOMMIT[0m
  [1m[36mUser Load (0.4ms)[0m  [1m[34mSELECT  "users".* FROM "users" WHERE "users"."email" = $1 AND "users"."reset_password_token" = $2 LIMIT $3[0m  [["email", "test@test.com1"], ["reset_password_token", "771268"], ["LIMIT", 1]]
  [1m[35m (0.1ms)[0m  [1m[35mBEGIN[0m
  [1m[36mUser Exists (0.4ms)[0m  [1m[34mSELECT  1 AS one FROM "users" WHERE "users"."email" = $1 AND ("users"."id" != $2) LIMIT $3[0m  [["email", "test@test.com1"], ["id", 4], ["LIMIT", 1]]
  [1m[35m (0.2ms)[0m  [1m[35mCOMMIT[0m
Completed 200 OK in 41108ms (Views: 0.3ms | ActiveRecord: 18.5ms)


  [1m[36mUser Load (0.3ms)[0m  [1m[34mSELECT  "users".* FROM "users" WHERE "users"."email" = $1 AND "users"."reset_password_token" = $2 LIMIT $3[0m  [["email", "test@test.com1"], ["reset_password_token", ""], ["LIMIT", 1]]
  [1m[36mUser Load (0.2ms)[0m  [1m[34mSELECT  "users".* FROM "users" WHERE "users"."email" = $1 AND "users"."reset_password_token" = $2 LIMIT $3[0m  [["email", "test@test.com1"], ["reset_password_token", ""], ["LIMIT", 1]]
  [1m[36mUser Load (0.2ms)[0m  [1m[34mSELECT  "users".* FROM "users" WHERE "users"."email" = $1 AND "users"."reset_password_token" = $2 LIMIT $3[0m  [["email", "test@test.com1"], ["reset_password_token", ""], ["LIMIT", 1]]
  [1m[36mUser Load (0.2ms)[0m  [1m[34mSELECT  "users".* FROM "users" ORDER BY "users"."id" DESC LIMIT $1[0m  [["LIMIT", 1]]
  [1m[35mSQL (11.1ms)[0m  [1m[33mUPDATE "users" SET "reset_password_token" = '' WHERE "users"."id" = $1[0m  [["id", 4]]
  [1m[36mUser Load (0.3ms)[0m  [1m[34mSELECT  "users".* FROM "users" WHERE "users"."email" = $1 AND "users"."reset_password_token" = $2 LIMIT $3[0m  [["email", "test@test.com1"], ["reset_password_token", ""], ["LIMIT", 1]]
Started GET "/forgot_password?user[email]=test@test.com1" for 127.0.0.1 at 2017-02-22 15:19:37 +0530
Processing by UsersController#forgot_password as */*
  Parameters: {"user"=>{"email"=>"test@test.com1"}}
  [1m[36mUser Load (0.2ms)[0m  [1m[34mSELECT  "users".* FROM "users" WHERE "users"."email" = $1 LIMIT $2[0m  [["email", "test@test.com1"], ["LIMIT", 1]]
  [1m[35m (0.1ms)[0m  [1m[35mBEGIN[0m
  [1m[36mUser Exists (0.3ms)[0m  [1m[34mSELECT  1 AS one FROM "users" WHERE "users"."email" = $1 AND ("users"."id" != $2) LIMIT $3[0m  [["email", "test@test.com1"], ["id", 4], ["LIMIT", 1]]
  [1m[35mSQL (0.3ms)[0m  [1m[33mUPDATE "users" SET "reset_password_token" = $1, "updated_at" = $2 WHERE "users"."id" = $3[0m  [["reset_password_token", "697084"], ["updated_at", 2017-02-22 09:49:47 UTC], ["id", 4]]
  [1m[35m (17.6ms)[0m  [1m[35mCOMMIT[0m
  Rendering user_mailer/forgot_password.text.erb within layouts/mailer
  Rendered user_mailer/forgot_password.text.erb within layouts/mailer (0.8ms)
UserMailer#forgot_password: processed outbound mail in 86.5ms
Sent mail to test@test.com1 (4.0ms)
Date: Wed, 22 Feb 2017 15:19:48 +0530
From: notifications@example.com
To: test@test.com1
Message-ID: <58ad5ebc34816_54d51c123ec53698@rails-All-Series.mail>
Subject: Forgot Password
Mime-Version: 1.0
Content-Type: text/plain;
 charset=UTF-8
Content-Transfer-Encoding: 7bit

Your OTP is: 697084

Completed 200 OK in 315ms (Views: 0.2ms | ActiveRecord: 18.5ms)


Started GET "/reset_password?user[email]=test@test.com1&user[old_password]=[FILTERED]&user[password]=[FILTERED]&user[password_confirmation]=[FILTERED]" for 127.0.0.1 at 2017-02-22 15:20:08 +0530
Processing by UsersController#reset_password as */*
  Parameters: {"user"=>{"email"=>"test@test.com1", "old_password"=>"[FILTERED]", "password"=>"[FILTERED]", "password_confirmation"=>"[FILTERED]"}}
  [1m[36mUser Load (0.4ms)[0m  [1m[34mSELECT  "users".* FROM "users" WHERE "users"."email" = $1 AND "users"."reset_password_token" = $2 LIMIT $3[0m  [["email", "test@test.com1"], ["reset_password_token", "69708425462"], ["LIMIT", 1]]
Completed 500 Internal Server Error in 5ms (ActiveRecord: 0.6ms)


  
NoMethodError (undefined method `update' for nil:NilClass):
  
app/controllers/users_controller.rb:53:in `reset_password'
Started GET "/reset_password?user[email]=test@test.com1&user[old_password]=[FILTERED]&user[password]=[FILTERED]&user[password_confirmation]=[FILTERED]" for 127.0.0.1 at 2017-02-22 15:21:06 +0530
  [1m[36mActiveRecord::SchemaMigration Load (0.3ms)[0m  [1m[34mSELECT "schema_migrations".* FROM "schema_migrations"[0m
Processing by UsersController#reset_password as */*
  Parameters: {"user"=>{"email"=>"test@test.com1", "old_password"=>"[FILTERED]", "password"=>"[FILTERED]", "password_confirmation"=>"[FILTERED]"}}
  [1m[36mUser Load (0.3ms)[0m  [1m[34mSELECT  "users".* FROM "users" WHERE "users"."email" = $1 AND "users"."reset_password_token" = $2 LIMIT $3[0m  [["email", "test@test.com1"], ["reset_password_token", "69708425462"], ["LIMIT", 1]]
Completed 200 OK in 10ms (Views: 0.2ms | ActiveRecord: 1.6ms)


Started GET "/reset_password?user[email]=test@test.com1&user[old_password]=[FILTERED]&user[password]=[FILTERED]&user[password_confirmation]=[FILTERED]" for 127.0.0.1 at 2017-02-22 15:21:20 +0530
Processing by UsersController#reset_password as */*
  Parameters: {"user"=>{"email"=>"test@test.com1", "old_password"=>"[FILTERED]", "password"=>"[FILTERED]", "password_confirmation"=>"[FILTERED]"}}
  [1m[36mUser Load (0.6ms)[0m  [1m[34mSELECT  "users".* FROM "users" WHERE "users"."email" = $1 AND "users"."reset_password_token" = $2 LIMIT $3[0m  [["email", "test@test.com1"], ["reset_password_token", "697084"], ["LIMIT", 1]]
  [1m[35m (0.1ms)[0m  [1m[35mBEGIN[0m
  [1m[36mUser Exists (0.3ms)[0m  [1m[34mSELECT  1 AS one FROM "users" WHERE "users"."email" = $1 AND ("users"."id" != $2) LIMIT $3[0m  [["email", "test@test.com1"], ["id", 4], ["LIMIT", 1]]
  [1m[35m (0.1ms)[0m  [1m[35mCOMMIT[0m
  [1m[35mSQL (34.9ms)[0m  [1m[33mUPDATE "users" SET "reset_password_token" = '' WHERE "users"."id" = $1[0m  [["id", 4]]
Completed 200 OK in 59ms (Views: 0.2ms | ActiveRecord: 38.3ms)


  [1m[35m (0.1ms)[0m  [1m[35mBEGIN[0m
  [1m[36mUser Exists (0.3ms)[0m  [1m[34mSELECT  1 AS one FROM "users" WHERE "users"."email" = $1 LIMIT $2[0m  [["email", "test@test.com1"], ["LIMIT", 1]]
  [1m[35m (0.2ms)[0m  [1m[31mROLLBACK[0m
  [1m[35m (0.1ms)[0m  [1m[35mBEGIN[0m
  [1m[36mUser Exists (0.2ms)[0m  [1m[34mSELECT  1 AS one FROM "users" WHERE "users"."email" = $1 LIMIT $2[0m  [["email", "test@test.com1"], ["LIMIT", 1]]
  [1m[35m (0.1ms)[0m  [1m[31mROLLBACK[0m
  [1m[35m (0.1ms)[0m  [1m[35mBEGIN[0m
  [1m[36mUser Exists (0.2ms)[0m  [1m[34mSELECT  1 AS one FROM "users" WHERE "users"."email" = $1 LIMIT $2[0m  [["email", "test1@test.com1"], ["LIMIT", 1]]
  [1m[35mSQL (0.2ms)[0m  [1m[32mINSERT INTO "users" ("first_name", "last_name", "email", "created_at", "updated_at") VALUES ($1, $2, $3, $4, $5) RETURNING "id"[0m  [["first_name", "test_first1"], ["last_name", "test_last1"], ["email", "test1@test.com1"], ["created_at", 2017-02-22 10:40:21 UTC], ["updated_at", 2017-02-22 10:40:21 UTC]]
  [1m[35m (12.5ms)[0m  [1m[35mCOMMIT[0m
  [1m[36mUser Load (0.2ms)[0m  [1m[34mSELECT  "users".* FROM "users" ORDER BY "users"."id" DESC LIMIT $1[0m  [["LIMIT", 1]]
  [1m[36mUser Load (0.4ms)[0m  [1m[34mSELECT  "users".* FROM "users" ORDER BY "users"."id" DESC LIMIT $1[0m  [["LIMIT", 1]]
  [1m[35m (0.1ms)[0m  [1m[35mBEGIN[0m
  [1m[36mUser Exists (0.4ms)[0m  [1m[34mSELECT  1 AS one FROM "users" WHERE "users"."email" = $1 LIMIT $2[0m  [["email", "test1@test1.com1"], ["LIMIT", 1]]
  [1m[35m (0.1ms)[0m  [1m[31mROLLBACK[0m
  [1m[35m (0.1ms)[0m  [1m[35mBEGIN[0m
  [1m[36mUser Exists (0.2ms)[0m  [1m[34mSELECT  1 AS one FROM "users" WHERE "users"."email" = $1 LIMIT $2[0m  [["email", "test1@test1.com1"], ["LIMIT", 1]]
  [1m[35m (0.1ms)[0m  [1m[31mROLLBACK[0m
  [1m[35m (0.1ms)[0m  [1m[34mSELECT pg_try_advisory_lock(4969808956775566785);[0m
  [1m[36mActiveRecord::SchemaMigration Load (0.3ms)[0m  [1m[34mSELECT "schema_migrations".* FROM "schema_migrations"[0m
Migrating to AddUserIdToUsers (20170222095211)
  [1m[35m (0.1ms)[0m  [1m[35mBEGIN[0m
  [1m[35m (0.5ms)[0m  [1m[35mALTER TABLE "users" ADD "user_id" integer NOT NULL[0m
  [1m[35m (0.0ms)[0m  [1m[31mROLLBACK[0m
  [1m[35m (0.2ms)[0m  [1m[34mSELECT pg_advisory_unlock(4969808956775566785)[0m
  [1m[35m (0.1ms)[0m  [1m[34mSELECT pg_try_advisory_lock(4969808956775566785);[0m
  [1m[36mActiveRecord::SchemaMigration Load (0.3ms)[0m  [1m[34mSELECT "schema_migrations".* FROM "schema_migrations"[0m
Migrating to AddUserIdToUsers (20170222095211)
  [1m[35m (0.1ms)[0m  [1m[35mBEGIN[0m
  [1m[35m (0.3ms)[0m  [1m[35mALTER TABLE "users" ADD "user_id" integer[0m
  [1m[35mSQL (0.2ms)[0m  [1m[32mINSERT INTO "schema_migrations" ("version") VALUES ($1) RETURNING "version"[0m  [["version", "20170222095211"]]
  [1m[35m (10.5ms)[0m  [1m[35mCOMMIT[0m
  [1m[36mActiveRecord::InternalMetadata Load (0.2ms)[0m  [1m[34mSELECT  "ar_internal_metadata".* FROM "ar_internal_metadata" WHERE "ar_internal_metadata"."key" = $1 LIMIT $2[0m  [["key", :environment], ["LIMIT", 1]]
  [1m[35m (0.1ms)[0m  [1m[35mBEGIN[0m
  [1m[35m (0.1ms)[0m  [1m[35mCOMMIT[0m
  [1m[35m (0.2ms)[0m  [1m[34mSELECT pg_advisory_unlock(4969808956775566785)[0m
  [1m[36mActiveRecord::SchemaMigration Load (0.1ms)[0m  [1m[34mSELECT "schema_migrations".* FROM "schema_migrations"[0m
  [1m[35m (0.1ms)[0m  [1m[35mBEGIN[0m
  [1m[36mUser Exists (0.5ms)[0m  [1m[34mSELECT  1 AS one FROM "users" WHERE "users"."email" = $1 LIMIT $2[0m  [["email", "test1@test1.com11"], ["LIMIT", 1]]
  [1m[35m (0.2ms)[0m  [1m[31mROLLBACK[0m
  [1m[35m (0.1ms)[0m  [1m[35mBEGIN[0m
  [1m[36mUser Exists (0.2ms)[0m  [1m[34mSELECT  1 AS one FROM "users" WHERE "users"."email" = $1 LIMIT $2[0m  [["email", "test1@test1.com11"], ["LIMIT", 1]]
  [1m[35mSQL (0.3ms)[0m  [1m[32mINSERT INTO "users" ("first_name", "last_name", "email", "created_at", "updated_at", "user_id") VALUES ($1, $2, $3, $4, $5, $6) RETURNING "id"[0m  [["first_name", "test_first1"], ["last_name", "test_last1"], ["email", "test1@test1.com11"], ["created_at", 2017-02-22 10:44:16 UTC], ["updated_at", 2017-02-22 10:44:16 UTC], ["user_id", 12]]
  [1m[36mUser Exists (0.3ms)[0m  [1m[34mSELECT  1 AS one FROM "users" WHERE "users"."email" = $1 AND ("users"."id" != $2) LIMIT $3[0m  [["email", "test1@test1.com11"], ["id", 6], ["LIMIT", 1]]
  [1m[35m (13.6ms)[0m  [1m[35mCOMMIT[0m
Started POST "/users?user[first_name]=test_first1&user[last_name]=test_last1&user[email]=test222@test.com12&user[email_notifications_opt]=123454678&user[cell_phone]=123456789&user[sms_notifications_opt]=123456789&user[password]=[FILTERED]&user[password_confirmation]=[FILTERED]&user[enabled]=true" for 127.0.0.1 at 2017-02-22 16:14:52 +0530
  [1m[36mActiveRecord::SchemaMigration Load (0.3ms)[0m  [1m[34mSELECT "schema_migrations".* FROM "schema_migrations"[0m
Processing by UsersController#create as */*
  Parameters: {"user"=>{"first_name"=>"test_first1", "last_name"=>"test_last1", "email"=>"test222@test.com12", "email_notifications_opt"=>"123454678", "cell_phone"=>"123456789", "sms_notifications_opt"=>"123456789", "password"=>"[FILTERED]", "password_confirmation"=>"[FILTERED]", "enabled"=>"true"}}
  [1m[35m (0.1ms)[0m  [1m[35mBEGIN[0m
  [1m[36mUser Exists (0.5ms)[0m  [1m[34mSELECT  1 AS one FROM "users" WHERE "users"."email" = $1 LIMIT $2[0m  [["email", "test222@test.com12"], ["LIMIT", 1]]
  [1m[35m (0.2ms)[0m  [1m[31mROLLBACK[0m
Completed 422 Unprocessable Entity in 29ms (Views: 0.2ms | ActiveRecord: 3.3ms)


Started POST "/users?user[first_name]=test_first1&user[last_name]=test_last1&user[email]=test222@test.com12&user[email_notifications_opt]=123454678&user[cell_phone]=123456789&user[sms_notifications_opt]=123456789&user[password]=[FILTERED]&user[password_confirmation]=[FILTERED]&user[enabled]=true&user[user_id]=121413" for 127.0.0.1 at 2017-02-22 16:15:14 +0530
Processing by UsersController#create as */*
  Parameters: {"user"=>{"first_name"=>"test_first1", "last_name"=>"test_last1", "email"=>"test222@test.com12", "email_notifications_opt"=>"123454678", "cell_phone"=>"123456789", "sms_notifications_opt"=>"123456789", "password"=>"[FILTERED]", "password_confirmation"=>"[FILTERED]", "enabled"=>"true", "user_id"=>"121413"}}
  [1m[35m (0.1ms)[0m  [1m[35mBEGIN[0m
  [1m[36mUser Exists (0.7ms)[0m  [1m[34mSELECT  1 AS one FROM "users" WHERE "users"."email" = $1 LIMIT $2[0m  [["email", "test222@test.com12"], ["LIMIT", 1]]
  [1m[35mSQL (0.3ms)[0m  [1m[32mINSERT INTO "users" ("first_name", "last_name", "email", "email_notifications_opt", "cell_phone", "sms_notifications_opt", "password", "enabled", "created_at", "updated_at", "user_id") VALUES ($1, $2, $3, $4, $5, $6, $7, $8, $9, $10, $11) RETURNING "id"[0m  [["first_name", "test_first1"], ["last_name", "test_last1"], ["email", "test222@test.com12"], ["email_notifications_opt", "123454678"], ["cell_phone", "123456789"], ["sms_notifications_opt", "123456789"], ["password", "123456789"], ["enabled", true], ["created_at", 2017-02-22 10:45:14 UTC], ["updated_at", 2017-02-22 10:45:14 UTC], ["user_id", 121413]]
  [1m[35m (41.8ms)[0m  [1m[35mCOMMIT[0m
Completed 201 Created in 48ms (Views: 0.8ms | ActiveRecord: 42.8ms)


  [1m[36mUser Load (0.3ms)[0m  [1m[34mSELECT  "users".* FROM "users" ORDER BY "users"."id" DESC LIMIT $1[0m  [["LIMIT", 1]]
  [1m[36mUser Load (0.3ms)[0m  [1m[34mSELECT  "users".* FROM "users" ORDER BY "users"."id" DESC LIMIT $1[0m  [["LIMIT", 1]]
  [1m[36mUser Load (0.3ms)[0m  [1m[34mSELECT  "users".* FROM "users" ORDER BY "users"."id" DESC LIMIT $1[0m  [["LIMIT", 1]]
  [1m[36mUser Load (0.4ms)[0m  [1m[34mSELECT  "users".* FROM "users" ORDER BY "users"."id" DESC LIMIT $1[0m  [["LIMIT", 1]]
  [1m[35m (0.1ms)[0m  [1m[35mBEGIN[0m
  [1m[36mUser Exists (0.8ms)[0m  [1m[34mSELECT  1 AS one FROM "users" WHERE "users"."email" = $1 AND ("users"."id" != $2) LIMIT $3[0m  [["email", "ktomar@strivepool.com"], ["id", 7], ["LIMIT", 1]]
  [1m[35mSQL (0.3ms)[0m  [1m[33mUPDATE "users" SET "email" = $1, "updated_at" = $2 WHERE "users"."id" = $3[0m  [["email", "ktomar@strivepool.com"], ["updated_at", 2017-02-22 11:50:18 UTC], ["id", 7]]
  [1m[35m (9.5ms)[0m  [1m[35mCOMMIT[0m
  [1m[36mUser Load (0.6ms)[0m  [1m[34mSELECT  "users".* FROM "users" ORDER BY "users"."id" DESC LIMIT $1[0m  [["LIMIT", 1]]
  [1m[36mUser Load (0.2ms)[0m  [1m[34mSELECT  "users".* FROM "users" ORDER BY "users"."id" DESC LIMIT $1[0m  [["LIMIT", 1]]
  [1m[35m (0.1ms)[0m  [1m[35mBEGIN[0m
  [1m[36mUser Exists (0.2ms)[0m  [1m[34mSELECT  1 AS one FROM "users" WHERE "users"."email" = $1 AND ("users"."id" != $2) LIMIT $3[0m  [["email", "ktomar@strivepool.com"], ["id", 7], ["LIMIT", 1]]
  [1m[35mSQL (0.2ms)[0m  [1m[33mUPDATE "users" SET "reset_password_token" = $1, "updated_at" = $2 WHERE "users"."id" = $3[0m  [["reset_password_token", "32746031"], ["updated_at", 2017-02-22 11:50:28 UTC], ["id", 7]]
  [1m[35m (219.6ms)[0m  [1m[35mCOMMIT[0m
  Rendering user_mailer/forgot_password.text.erb within layouts/mailer
  Rendered user_mailer/forgot_password.text.erb within layouts/mailer (1.1ms)
UserMailer#forgot_password: processed outbound mail in 144.7ms
Sent mail to ktomar@strivepool.com (4597.6ms)
Date: Wed, 22 Feb 2017 17:20:29 +0530
From: notifications@example.com
To: ktomar@strivepool.com
Message-ID: <58ad7b0587e93_5480106f0e413098@rails-All-Series.mail>
Subject: Forgot Password
Mime-Version: 1.0
Content-Type: text/plain;
 charset=UTF-8
Content-Transfer-Encoding: 7bit

Your OTP is: 32746031

Started GET "/users/2" for 127.0.0.1 at 2017-02-22 17:27:11 +0530
  [1m[36mActiveRecord::SchemaMigration Load (0.3ms)[0m  [1m[34mSELECT "schema_migrations".* FROM "schema_migrations"[0m
Processing by UsersController#show as */*
  Parameters: {"id"=>"2"}
Filter chain halted as :authenticate_request rendered or redirected
Completed 401 Unauthorized in 1ms (Views: 0.2ms | ActiveRecord: 0.0ms)


Started GET "/users/2" for 127.0.0.1 at 2017-02-22 17:27:41 +0530
Processing by UsersController#show as */*
  Parameters: {"id"=>"2"}
Filter chain halted as :authenticate_request rendered or redirected
Completed 401 Unauthorized in 36859ms (Views: 0.2ms | ActiveRecord: 0.0ms)


Started POST "/users/?user[first_name]=test_first1&user[last_name]=test_last1&user[email]=test@test.com1&user[email_notifications_opt]=123454678&user[cell_phone]=123456789&user[sms_notifications_opt]=123456789&user[password]=[FILTERED]&user[password_confirmation]=[FILTERED]&user[enabled]=true&user[user_id]=12345678" for 127.0.0.1 at 2017-02-22 17:30:16 +0530
Processing by UsersController#create as */*
  Parameters: {"user"=>{"first_name"=>"test_first1", "last_name"=>"test_last1", "email"=>"test@test.com1", "email_notifications_opt"=>"123454678", "cell_phone"=>"123456789", "sms_notifications_opt"=>"123456789", "password"=>"[FILTERED]", "password_confirmation"=>"[FILTERED]", "enabled"=>"true", "user_id"=>"12345678"}}
  [1m[35m (0.1ms)[0m  [1m[35mBEGIN[0m
  [1m[36mUser Exists (0.5ms)[0m  [1m[34mSELECT  1 AS one FROM "users" WHERE "users"."email" = $1 LIMIT $2[0m  [["email", "test@test.com1"], ["LIMIT", 1]]
  [1m[35m (0.1ms)[0m  [1m[31mROLLBACK[0m
Completed 422 Unprocessable Entity in 31ms (Views: 0.1ms | ActiveRecord: 3.5ms)


Started POST "/users/?user[first_name]=test_first1&user[last_name]=test_last1&user[email]=test1@test.com&user[email_notifications_opt]=123454678&user[cell_phone]=123456789&user[sms_notifications_opt]=123456789&user[password]=[FILTERED]&user[password_confirmation]=[FILTERED]&user[enabled]=true&user[user_id]=12345678" for 127.0.0.1 at 2017-02-22 17:30:27 +0530
Processing by UsersController#create as */*
  Parameters: {"user"=>{"first_name"=>"test_first1", "last_name"=>"test_last1", "email"=>"test1@test.com", "email_notifications_opt"=>"123454678", "cell_phone"=>"123456789", "sms_notifications_opt"=>"123456789", "password"=>"[FILTERED]", "password_confirmation"=>"[FILTERED]", "enabled"=>"true", "user_id"=>"12345678"}}
  [1m[35m (0.1ms)[0m  [1m[35mBEGIN[0m
  [1m[36mUser Exists (0.6ms)[0m  [1m[34mSELECT  1 AS one FROM "users" WHERE "users"."email" = $1 LIMIT $2[0m  [["email", "test1@test.com"], ["LIMIT", 1]]
  [1m[35mSQL (0.4ms)[0m  [1m[32mINSERT INTO "users" ("first_name", "last_name", "email", "email_notifications_opt", "cell_phone", "sms_notifications_opt", "password", "enabled", "created_at", "updated_at", "user_id") VALUES ($1, $2, $3, $4, $5, $6, $7, $8, $9, $10, $11) RETURNING "id"[0m  [["first_name", "test_first1"], ["last_name", "test_last1"], ["email", "test1@test.com"], ["email_notifications_opt", "123454678"], ["cell_phone", "123456789"], ["sms_notifications_opt", "123456789"], ["password", "123456789"], ["enabled", true], ["created_at", 2017-02-22 12:00:27 UTC], ["updated_at", 2017-02-22 12:00:27 UTC], ["user_id", 12345678]]
  [1m[35m (10.8ms)[0m  [1m[35mCOMMIT[0m
Completed 201 Created in 18ms (Views: 0.9ms | ActiveRecord: 11.9ms)


Started GET "/users" for 127.0.0.1 at 2017-02-22 17:31:42 +0530
Processing by UsersController#index as */*
Filter chain halted as :authenticate_request rendered or redirected
Completed 401 Unauthorized in 0ms (Views: 0.2ms | ActiveRecord: 0.0ms)


Started GET "/users" for 127.0.0.1 at 2017-02-22 17:31:56 +0530
Processing by UsersController#index as */*
  [1m[36mUser Load (0.2ms)[0m  [1m[34mSELECT "users".* FROM "users"[0m
Completed 200 OK in 3ms (Views: 3.0ms | ActiveRecord: 0.2ms)


Started GET "/users/3" for 127.0.0.1 at 2017-02-22 17:32:54 +0530
Processing by UsersController#show as */*
  Parameters: {"id"=>"3"}
  [1m[36mUser Load (0.1ms)[0m  [1m[34mSELECT  "users".* FROM "users" WHERE "users"."id" = $1 LIMIT $2[0m  [["id", 3], ["LIMIT", 1]]
Completed 200 OK in 3ms (Views: 0.7ms | ActiveRecord: 0.3ms)


Started DELETE "/users/3" for 127.0.0.1 at 2017-02-22 17:33:37 +0530
Processing by UsersController#destroy as */*
  Parameters: {"id"=>"3"}
  [1m[36mUser Load (0.2ms)[0m  [1m[34mSELECT  "users".* FROM "users" WHERE "users"."id" = $1 LIMIT $2[0m  [["id", 3], ["LIMIT", 1]]
  [1m[35m (0.1ms)[0m  [1m[35mBEGIN[0m
  [1m[35mSQL (0.2ms)[0m  [1m[31mDELETE FROM "users" WHERE "users"."id" = $1[0m  [["id", 3]]
  [1m[35m (16.5ms)[0m  [1m[35mCOMMIT[0m
Completed 204 No Content in 20ms (ActiveRecord: 17.1ms)


Started PUT "/users/4?user[first_name]=test_first1&user[last_name]=test_last1&user[email]=test@test.com1&user[email_notifications_opt]=123454678&user[cell_phone]=123456789&user[sms_notifications_opt]=123456789&user[password]=[FILTERED]&user[password_confirmation]=[FILTERED]&user[enabled]=true" for 127.0.0.1 at 2017-02-22 17:35:09 +0530
Processing by UsersController#update as */*
  Parameters: {"user"=>{"first_name"=>"test_first1", "last_name"=>"test_last1", "email"=>"test@test.com1", "email_notifications_opt"=>"123454678", "cell_phone"=>"123456789", "sms_notifications_opt"=>"123456789", "password"=>"[FILTERED]", "password_confirmation"=>"[FILTERED]", "enabled"=>"true"}, "id"=>"4"}
  [1m[36mUser Load (0.5ms)[0m  [1m[34mSELECT  "users".* FROM "users" WHERE "users"."id" = $1 LIMIT $2[0m  [["id", 4], ["LIMIT", 1]]
  [1m[35m (0.1ms)[0m  [1m[35mBEGIN[0m
  [1m[36mUser Exists (0.4ms)[0m  [1m[34mSELECT  1 AS one FROM "users" WHERE "users"."email" = $1 AND ("users"."id" != $2) LIMIT $3[0m  [["email", "test@test.com1"], ["id", 4], ["LIMIT", 1]]
  [1m[35m (0.1ms)[0m  [1m[31mROLLBACK[0m
Completed 422 Unprocessable Entity in 5ms (Views: 0.1ms | ActiveRecord: 1.0ms)


Started PUT "/users/4?user[first_name]=test_first1&user[last_name]=test_last1&user[email]=test@test.com1&user[email_notifications_opt]=123454678&user[cell_phone]=123456789&user[sms_notifications_opt]=123456789&user[password]=[FILTERED]&user[password_confirmation]=[FILTERED]&user[enabled]=true&user[user_id]=12344" for 127.0.0.1 at 2017-02-22 17:35:27 +0530
Processing by UsersController#update as */*
  Parameters: {"user"=>{"first_name"=>"test_first1", "last_name"=>"test_last1", "email"=>"test@test.com1", "email_notifications_opt"=>"123454678", "cell_phone"=>"123456789", "sms_notifications_opt"=>"123456789", "password"=>"[FILTERED]", "password_confirmation"=>"[FILTERED]", "enabled"=>"true", "user_id"=>"12344"}, "id"=>"4"}
  [1m[36mUser Load (0.3ms)[0m  [1m[34mSELECT  "users".* FROM "users" WHERE "users"."id" = $1 LIMIT $2[0m  [["id", 4], ["LIMIT", 1]]
  [1m[35m (0.1ms)[0m  [1m[35mBEGIN[0m
  [1m[36mUser Exists (0.3ms)[0m  [1m[34mSELECT  1 AS one FROM "users" WHERE "users"."email" = $1 AND ("users"."id" != $2) LIMIT $3[0m  [["email", "test@test.com1"], ["id", 4], ["LIMIT", 1]]
  [1m[35mSQL (0.4ms)[0m  [1m[33mUPDATE "users" SET "user_id" = $1, "password" = $2, "updated_at" = $3 WHERE "users"."id" = $4[0m  [["user_id", 12344], ["password", "123456789"], ["updated_at", 2017-02-22 12:05:27 UTC], ["id", 4]]
  [1m[35m (14.4ms)[0m  [1m[35mCOMMIT[0m
Completed 200 OK in 21ms (Views: 0.6ms | ActiveRecord: 15.4ms)


Started GET "/forgot_password?user[email]=test@test.com1&user[user_id]=12345" for 127.0.0.1 at 2017-02-22 17:37:02 +0530
Processing by UsersController#forgot_password as */*
  Parameters: {"user"=>{"email"=>"test@test.com1", "user_id"=>"12345"}}
Filter chain halted as :authenticate_request rendered or redirected
Completed 401 Unauthorized in 0ms (Views: 0.1ms | ActiveRecord: 0.0ms)


Started GET "/forgot_password?user[email]=test@test.com1&user[user_id]=12345" for 127.0.0.1 at 2017-02-22 17:37:20 +0530
Processing by UsersController#forgot_password as */*
  Parameters: {"user"=>{"email"=>"test@test.com1", "user_id"=>"12345"}}
  [1m[36mUser Load (0.2ms)[0m  [1m[34mSELECT  "users".* FROM "users" WHERE "users"."email" = $1 LIMIT $2[0m  [["email", "test@test.com1"], ["LIMIT", 1]]
  [1m[35m (0.1ms)[0m  [1m[35mBEGIN[0m
  [1m[36mUser Exists (0.3ms)[0m  [1m[34mSELECT  1 AS one FROM "users" WHERE "users"."email" = $1 AND ("users"."id" != $2) LIMIT $3[0m  [["email", "test@test.com1"], ["id", 4], ["LIMIT", 1]]
  [1m[35mSQL (0.3ms)[0m  [1m[33mUPDATE "users" SET "reset_password_token" = $1, "updated_at" = $2 WHERE "users"."id" = $3[0m  [["reset_password_token", "46354045"], ["updated_at", 2017-02-22 12:07:20 UTC], ["id", 4]]
  [1m[35m (12.8ms)[0m  [1m[35mCOMMIT[0m
  Rendering user_mailer/forgot_password.text.erb within layouts/mailer
  Rendered user_mailer/forgot_password.text.erb within layouts/mailer (0.7ms)
UserMailer#forgot_password: processed outbound mail in 79.8ms
Sent mail to test@test.com1 (4984.1ms)
Date: Wed, 22 Feb 2017 17:37:20 +0530
From: notifications@example.com
To: test@test.com1
Message-ID: <58ad7ef860f1c_55041dcd010568e2@rails-All-Series.mail>
Subject: Forgot Password
Mime-Version: 1.0
Content-Type: text/plain;
 charset=UTF-8
Content-Transfer-Encoding: 7bit

Your OTP is: 46354045

Completed 200 OK in 5281ms (Views: 0.2ms | ActiveRecord: 13.7ms)


Started GET "/forgot_password?user[email]=test@test.com1&user[user_id]=12345&user[old_password]=[FILTERED]&user[password]=[FILTERED]&user[password_confirmation]=[FILTERED]" for 127.0.0.1 at 2017-02-22 17:39:34 +0530
Processing by UsersController#forgot_password as */*
  Parameters: {"user"=>{"email"=>"test@test.com1", "user_id"=>"12345", "old_password"=>"[FILTERED]", "password"=>"[FILTERED]", "password_confirmation"=>"[FILTERED]"}}
  [1m[36mUser Load (0.3ms)[0m  [1m[34mSELECT  "users".* FROM "users" WHERE "users"."email" = $1 LIMIT $2[0m  [["email", "test@test.com1"], ["LIMIT", 1]]
  [1m[35m (0.1ms)[0m  [1m[35mBEGIN[0m
  [1m[36mUser Exists (0.3ms)[0m  [1m[34mSELECT  1 AS one FROM "users" WHERE "users"."email" = $1 AND ("users"."id" != $2) LIMIT $3[0m  [["email", "test@test.com1"], ["id", 4], ["LIMIT", 1]]
  [1m[35mSQL (0.3ms)[0m  [1m[33mUPDATE "users" SET "reset_password_token" = $1, "updated_at" = $2 WHERE "users"."id" = $3[0m  [["reset_password_token", "41634239"], ["updated_at", 2017-02-22 12:09:34 UTC], ["id", 4]]
  [1m[35m (8.2ms)[0m  [1m[35mCOMMIT[0m
  Rendering user_mailer/forgot_password.text.erb within layouts/mailer
  Rendered user_mailer/forgot_password.text.erb within layouts/mailer (0.4ms)
UserMailer#forgot_password: processed outbound mail in 3.5ms
Sent mail to test@test.com1 (4702.2ms)
Date: Wed, 22 Feb 2017 17:39:34 +0530
From: notifications@example.com
To: test@test.com1
Message-ID: <58ad7f7e4da08_55041dcd2405691f@rails-All-Series.mail>
Subject: Forgot Password
Mime-Version: 1.0
Content-Type: text/plain;
 charset=UTF-8
Content-Transfer-Encoding: 7bit

Your OTP is: 41634239

Completed 200 OK in 4719ms (Views: 0.2ms | ActiveRecord: 9.3ms)


Started GET "/reset_password?user[email]=test@test.com1&user[user_id]=12345&user[old_password]=[FILTERED]&user[password]=[FILTERED]&user[password_confirmation]=[FILTERED]" for 127.0.0.1 at 2017-02-22 17:40:00 +0530
Processing by UsersController#reset_password as */*
  Parameters: {"user"=>{"email"=>"test@test.com1", "user_id"=>"12345", "old_password"=>"[FILTERED]", "password"=>"[FILTERED]", "password_confirmation"=>"[FILTERED]"}}
  [1m[36mUser Load (0.2ms)[0m  [1m[34mSELECT  "users".* FROM "users" WHERE "users"."email" = $1 AND "users"."reset_password_token" = $2 LIMIT $3[0m  [["email", "test@test.com1"], ["reset_password_token", "46354045"], ["LIMIT", 1]]
Completed 200 OK in 2ms (Views: 0.2ms | ActiveRecord: 0.2ms)


Started GET "/reset_password?user[email]=test@test.com1&user[user_id]=12345&user[old_password]=[FILTERED]&user[password]=[FILTERED]&user[password_confirmation]=[FILTERED]" for 127.0.0.1 at 2017-02-22 17:40:18 +0530
Processing by UsersController#reset_password as */*
  Parameters: {"user"=>{"email"=>"test@test.com1", "user_id"=>"12345", "old_password"=>"[FILTERED]", "password"=>"[FILTERED]", "password_confirmation"=>"[FILTERED]"}}
  [1m[36mUser Load (0.2ms)[0m  [1m[34mSELECT  "users".* FROM "users" WHERE "users"."email" = $1 AND "users"."reset_password_token" = $2 LIMIT $3[0m  [["email", "test@test.com1"], ["reset_password_token", "41634239"], ["LIMIT", 1]]
  [1m[35m (0.1ms)[0m  [1m[35mBEGIN[0m
  [1m[36mUser Exists (0.2ms)[0m  [1m[34mSELECT  1 AS one FROM "users" WHERE "users"."email" = $1 AND ("users"."id" != $2) LIMIT $3[0m  [["email", "test@test.com1"], ["id", 4], ["LIMIT", 1]]
  [1m[35m (0.1ms)[0m  [1m[31mROLLBACK[0m
Completed 200 OK in 5ms (Views: 0.1ms | ActiveRecord: 0.5ms)


Started GET "/reset_password?user[email]=test@test.com1&user[user_id]=12345&user[old_password]=[FILTERED]&user[password]=[FILTERED]&user[password_confirmation]=[FILTERED]" for 127.0.0.1 at 2017-02-22 17:40:41 +0530
Processing by UsersController#reset_password as */*
  Parameters: {"user"=>{"email"=>"test@test.com1", "user_id"=>"12345", "old_password"=>"[FILTERED]", "password"=>"[FILTERED]", "password_confirmation"=>"[FILTERED]"}}
Completed 500 Internal Server Error in 35ms (ActiveRecord: 0.0ms)


  
NameError (undefined local variable or method `beybug' for #<UsersController:0x00000003ab01c8>
Did you mean?  byebug):
  
app/controllers/users_controller.rb:52:in `reset_password'
Started GET "/reset_password?user[email]=test@test.com1&user[user_id]=12345&user[old_password]=[FILTERED]&user[password]=[FILTERED]&user[password_confirmation]=[FILTERED]" for 127.0.0.1 at 2017-02-22 17:40:51 +0530
Processing by UsersController#reset_password as */*
  Parameters: {"user"=>{"email"=>"test@test.com1", "user_id"=>"12345", "old_password"=>"[FILTERED]", "password"=>"[FILTERED]", "password_confirmation"=>"[FILTERED]"}}
  [1m[36mUser Load (0.7ms)[0m  [1m[34mSELECT  "users".* FROM "users" WHERE "users"."email" = $1 AND "users"."reset_password_token" = $2 LIMIT $3[0m  [["email", "test@test.com1"], ["reset_password_token", "41634239"], ["LIMIT", 1]]
  [1m[36mCACHE (0.0ms)[0m  [1m[34mSELECT  "users".* FROM "users" WHERE "users"."email" = $1 AND "users"."reset_password_token" = $2 LIMIT $3[0m  [["email", "test@test.com1"], ["reset_password_token", "41634239"], ["LIMIT", 1]]
  [1m[36mCACHE (0.0ms)[0m  [1m[34mSELECT  "users".* FROM "users" WHERE "users"."email" = $1 AND "users"."reset_password_token" = $2 LIMIT $3[0m  [["email", "test@test.com1"], ["reset_password_token", "41634239"], ["LIMIT", 1]]
  [1m[35m (0.1ms)[0m  [1m[35mBEGIN[0m
  [1m[36mUser Exists (0.2ms)[0m  [1m[34mSELECT  1 AS one FROM "users" WHERE "users"."email" = $1 AND ("users"."id" != $2) LIMIT $3[0m  [["email", "test@test.com1"], ["id", 4], ["LIMIT", 1]]
  [1m[35m (0.1ms)[0m  [1m[31mROLLBACK[0m
Completed 200 OK in 21397ms (Views: 0.1ms | ActiveRecord: 1.2ms)


Started GET "/reset_password?user[email]=test@test.com1&user[user_id]=12345&user[old_password]=[FILTERED]&user[password]=[FILTERED]&user[password_confirmation]=[FILTERED]" for 127.0.0.1 at 2017-02-22 17:41:19 +0530
Processing by UsersController#reset_password as */*
  Parameters: {"user"=>{"email"=>"test@test.com1", "user_id"=>"12345", "old_password"=>"[FILTERED]", "password"=>"[FILTERED]", "password_confirmation"=>"[FILTERED]"}}
  [1m[36mUser Load (0.2ms)[0m  [1m[34mSELECT  "users".* FROM "users" WHERE "users"."email" = $1 AND "users"."reset_password_token" = $2 LIMIT $3[0m  [["email", "test@test.com1"], ["reset_password_token", "41634239"], ["LIMIT", 1]]
  [1m[35m (0.3ms)[0m  [1m[35mBEGIN[0m
  [1m[36mUser Exists (0.2ms)[0m  [1m[34mSELECT  1 AS one FROM "users" WHERE "users"."email" = $1 AND ("users"."id" != $2) LIMIT $3[0m  [["email", "test@test.com1"], ["id", 4], ["LIMIT", 1]]
  [1m[35m (0.1ms)[0m  [1m[31mROLLBACK[0m
  [1m[35m (0.3ms)[0m  [1m[35mBEGIN[0m
  [1m[36mUser Exists (0.3ms)[0m  [1m[34mSELECT  1 AS one FROM "users" WHERE "users"."email" = $1 AND ("users"."id" != $2) LIMIT $3[0m  [["email", "test@test.com1"], ["id", 4], ["LIMIT", 1]]
  [1m[35m (0.1ms)[0m  [1m[31mROLLBACK[0m
  [1m[36mUser Load (0.3ms)[0m  [1m[34mSELECT  "users".* FROM "users" WHERE "users"."email" = $1 AND "users"."reset_password_token" = $2 LIMIT $3[0m  [["email", "test@test.com1"], ["reset_password_token", "41634239"], ["LIMIT", 1]]
  [1m[35m (0.1ms)[0m  [1m[35mBEGIN[0m
  [1m[36mUser Exists (0.2ms)[0m  [1m[34mSELECT  1 AS one FROM "users" WHERE "users"."email" = $1 AND ("users"."id" != $2) LIMIT $3[0m  [["email", "test@test.com1"], ["id", 4], ["LIMIT", 1]]
  [1m[35m (0.1ms)[0m  [1m[31mROLLBACK[0m
Completed 200 OK in 21881ms (Views: 0.1ms | ActiveRecord: 2.3ms)


Started GET "/reset_password?user[email]=test@test.com1&user[user_id]=12345&user[old_password]=[FILTERED]&user[password]=[FILTERED]&user[password_confirmation]=[FILTERED]" for 127.0.0.1 at 2017-02-22 17:41:51 +0530
Processing by UsersController#reset_password as */*
  Parameters: {"user"=>{"email"=>"test@test.com1", "user_id"=>"12345", "old_password"=>"[FILTERED]", "password"=>"[FILTERED]", "password_confirmation"=>"[FILTERED]"}}
  [1m[36mUser Load (0.3ms)[0m  [1m[34mSELECT  "users".* FROM "users" WHERE "users"."email" = $1 AND "users"."reset_password_token" = $2 LIMIT $3[0m  [["email", "test@test.com1"], ["reset_password_token", "41634239"], ["LIMIT", 1]]
  [1m[35m (0.1ms)[0m  [1m[35mBEGIN[0m
  [1m[36mUser Exists (0.2ms)[0m  [1m[34mSELECT  1 AS one FROM "users" WHERE "users"."email" = $1 AND ("users"."id" != $2) LIMIT $3[0m  [["email", "test@test.com1"], ["id", 4], ["LIMIT", 1]]
  [1m[35mSQL (0.2ms)[0m  [1m[33mUPDATE "users" SET "user_id" = $1, "password" = $2, "updated_at" = $3 WHERE "users"."id" = $4[0m  [["user_id", 12345], ["password", "1234567889"], ["updated_at", 2017-02-22 12:11:53 UTC], ["id", 4]]
  [1m[35m (36.4ms)[0m  [1m[35mCOMMIT[0m
  [1m[35mSQL (9.6ms)[0m  [1m[33mUPDATE "users" SET "reset_password_token" = '' WHERE "users"."id" = $1[0m  [["id", 4]]
Completed 200 OK in 2858ms (Views: 0.1ms | ActiveRecord: 46.7ms)


Started GET "/reset_password?user[email]=test@test.com1&user[user_id]=12345&user[old_password]=[FILTERED]&user[password]=[FILTERED]&user[password_confirmation]=[FILTERED]" for 127.0.0.1 at 2017-02-22 18:31:35 +0530
  [1m[36mActiveRecord::SchemaMigration Load (0.3ms)[0m  [1m[34mSELECT "schema_migrations".* FROM "schema_migrations"[0m
Processing by UsersController#reset_password as */*
  Parameters: {"user"=>{"email"=>"test@test.com1", "user_id"=>"12345", "old_password"=>"[FILTERED]", "password"=>"[FILTERED]", "password_confirmation"=>"[FILTERED]"}}
  [1m[36mUser Load (0.3ms)[0m  [1m[34mSELECT  "users".* FROM "users" WHERE "users"."email" = $1 AND "users"."reset_password_token" = $2 LIMIT $3[0m  [["email", "test@test.com1"], ["reset_password_token", "41634239"], ["LIMIT", 1]]
Completed 200 OK in 11ms (Views: 0.2ms | ActiveRecord: 1.5ms)


